fBReaderJ/build/outputs/apk/manifest-merger-debug-report.txt
-- Merging decision tree log ---
manifest
ADDED from AndroidManifest.xml:2:1
	xmlns:android
		ADDED from AndroidManifest.xml:3:3
	package
		ADDED from AndroidManifest.xml:4:3
		INJECTED from AndroidManifest.xml:0:0
		INJECTED from AndroidManifest.xml:0:0
	android:versionName
		ADDED from AndroidManifest.xml:6:3
	android:versionCode
		ADDED from AndroidManifest.xml:5:3
		INJECTED from AndroidManifest.xml:0:0
		INJECTED from AndroidManifest.xml:0:0
	android:installLocation
		ADDED from AndroidManifest.xml:7:3
uses-sdk
ADDED from AndroidManifest.xml:9:2
MERGED from com.android.support:support-v4:21.0.3:15:5
MERGED from FBReaderJ1:ambilWarna:unspecified:7:5
MERGED from FBReaderJ1:library:unspecified:7:5
MERGED from com.android.support:support-v4:21.0.3:15:5
MERGED from FBReaderJ1:code:unspecified:13:5
	android:targetSdkVersion
		ADDED from AndroidManifest.xml:12:4
		INJECTED from AndroidManifest.xml:0:0
		INJECTED from AndroidManifest.xml:0:0
	android:minSdkVersion
		ADDED from AndroidManifest.xml:10:4
		INJECTED from AndroidManifest.xml:0:0
		INJECTED from AndroidManifest.xml:0:0
	android:maxSdkVersion
		ADDED from AndroidManifest.xml:11:4
supports-screens
ADDED from AndroidManifest.xml:14:2
	android:largeScreens
		ADDED from AndroidManifest.xml:14:77
	android:anyDensity
		ADDED from AndroidManifest.xml:14:134
	android:normalScreens
		ADDED from AndroidManifest.xml:14:48
	android:xlargeScreens
		ADDED from AndroidManifest.xml:14:105
	android:smallScreens
		ADDED from AndroidManifest.xml:14:20
uses-permission#android.permission.INTERNET
ADDED from AndroidManifest.xml:15:2
	android:name
		ADDED from AndroidManifest.xml:15:19
uses-permission#android.permission.WAKE_LOCK
ADDED from AndroidManifest.xml:16:2
	android:name
		ADDED from AndroidManifest.xml:16:19
uses-permission#android.permission.READ_EXTERNAL_STORAGE
ADDED from AndroidManifest.xml:17:2
	android:name
		ADDED from AndroidManifest.xml:17:19
uses-permission#android.permission.WRITE_EXTERNAL_STORAGE
ADDED from AndroidManifest.xml:18:2
	android:name
		ADDED from AndroidManifest.xml:18:19
uses-permission#android.permission.ACCESS_NETWORK_STATE
ADDED from AndroidManifest.xml:19:2
	android:name
		ADDED from AndroidManifest.xml:19:19
uses-permission#fbreader.permission.LIBRARY
ADDED from AndroidManifest.xml:20:2
	android:name
		ADDED from AndroidManifest.xml:20:19
uses-permission#fbreader.permission.CONFIG
ADDED from AndroidManifest.xml:21:2
	android:name
		ADDED from AndroidManifest.xml:21:19
uses-permission#fbreader.permission.SYNC
ADDED from AndroidManifest.xml:22:2
	android:name
		ADDED from AndroidManifest.xml:22:19
permission#fbreader.permission.LIBRARY
ADDED from AndroidManifest.xml:23:2
	android:label
		ADDED from AndroidManifest.xml:23:118
	android:description
		ADDED from AndroidManifest.xml:23:57
	android:name
		ADDED from AndroidManifest.xml:23:14
permission#fbreader.permission.CONFIG
ADDED from AndroidManifest.xml:24:2
	android:label
		ADDED from AndroidManifest.xml:24:116
	android:description
		ADDED from AndroidManifest.xml:24:56
	android:name
		ADDED from AndroidManifest.xml:24:14
permission#fbreader.permission.SYNC
ADDED from AndroidManifest.xml:25:2
	android:label
		ADDED from AndroidManifest.xml:25:112
	android:description
		ADDED from AndroidManifest.xml:25:54
	android:name
		ADDED from AndroidManifest.xml:25:14
application
ADDED from AndroidManifest.xml:26:2
MERGED from com.android.support:support-v4:21.0.3:16:5
MERGED from FBReaderJ1:ambilWarna:unspecified:11:5
MERGED from com.android.support:support-v4:21.0.3:16:5
	android:label
		ADDED from AndroidManifest.xml:26:155
	android:icon
		ADDED from AndroidManifest.xml:26:84
	android:name
		ADDED from AndroidManifest.xml:26:15
	android:logo
		ADDED from AndroidManifest.xml:26:118
activity#org.geometerplus.android.fbreader.error.BookReadingErrorActivity
ADDED from AndroidManifest.xml:27:3
	android:configChanges
		ADDED from AndroidManifest.xml:27:157
	android:theme
		ADDED from AndroidManifest.xml:27:93
	android:process
		ADDED from AndroidManifest.xml:27:132
	android:name
		ADDED from AndroidManifest.xml:27:13
intent-filter#android.fbreader.action.ERROR+android.intent.category.DEFAULT
ADDED from AndroidManifest.xml:28:4
action#android.fbreader.action.ERROR
ADDED from AndroidManifest.xml:29:5
	android:name
		ADDED from AndroidManifest.xml:29:13
category#android.intent.category.DEFAULT
ADDED from AndroidManifest.xml:30:5
	android:name
		ADDED from AndroidManifest.xml:30:15
data
ADDED from AndroidManifest.xml:31:5
	android:scheme
		ADDED from AndroidManifest.xml:31:11
activity#org.geometerplus.zlibrary.ui.android.error.BugReportActivity
ADDED from AndroidManifest.xml:34:3
	android:label
		ADDED from AndroidManifest.xml:34:53
	android:configChanges
		ADDED from AndroidManifest.xml:34:150
	android:theme
		ADDED from AndroidManifest.xml:34:84
	android:process
		ADDED from AndroidManifest.xml:34:125
	android:name
		ADDED from AndroidManifest.xml:34:13
activity#org.geometerplus.android.fbreader.crash.FixBooksDirectoryActivity
ADDED from AndroidManifest.xml:35:3
	android:configChanges
		ADDED from AndroidManifest.xml:35:158
	android:theme
		ADDED from AndroidManifest.xml:35:94
	android:process
		ADDED from AndroidManifest.xml:35:133
	android:name
		ADDED from AndroidManifest.xml:35:13
intent-filter#android.fbreader.action.CRASH+android.intent.category.DEFAULT
ADDED from AndroidManifest.xml:36:4
action#android.fbreader.action.CRASH
ADDED from AndroidManifest.xml:37:5
	android:name
		ADDED from AndroidManifest.xml:37:13
activity#org.geometerplus.android.fbreader.crash.MissingNativeLibraryActivity
ADDED from AndroidManifest.xml:42:3
	android:configChanges
		ADDED from AndroidManifest.xml:42:161
	android:theme
		ADDED from AndroidManifest.xml:42:97
	android:process
		ADDED from AndroidManifest.xml:42:136
	android:name
		ADDED from AndroidManifest.xml:42:13
service#org.geometerplus.android.fbreader.api.ApiService
ADDED from AndroidManifest.xml:54:3
	android:name
		ADDED from AndroidManifest.xml:54:12
	android:launchMode
		ADDED from AndroidManifest.xml:54:76
intent-filter#android.fbreader.action.API+android.intent.category.DEFAULT
ADDED from AndroidManifest.xml:55:4
action#android.fbreader.action.API
ADDED from AndroidManifest.xml:56:5
	android:name
		ADDED from AndroidManifest.xml:56:13
activity#org.geometerplus.android.fbreader.FBReader
ADDED from AndroidManifest.xml:60:3
	android:label
		ADDED from AndroidManifest.xml:60:137
	android:icon
		ADDED from AndroidManifest.xml:60:103
	android:configChanges
		ADDED from AndroidManifest.xml:60:203
	android:theme
		ADDED from AndroidManifest.xml:60:162
	android:name
		ADDED from AndroidManifest.xml:60:13
	android:launchMode
		ADDED from AndroidManifest.xml:60:71
intent-filter#android.intent.action.MAIN+android.intent.category.LAUNCHER
ADDED from AndroidManifest.xml:61:4
action#android.intent.action.MAIN
ADDED from AndroidManifest.xml:62:5
	android:name
		ADDED from AndroidManifest.xml:62:13
category#android.intent.category.LAUNCHER
ADDED from AndroidManifest.xml:63:5
	android:name
		ADDED from AndroidManifest.xml:63:15
intent-filter#android.fbreader.action.VIEW+android.intent.category.DEFAULT
ADDED from AndroidManifest.xml:65:4
action#android.fbreader.action.VIEW
ADDED from AndroidManifest.xml:66:5
	android:name
		ADDED from AndroidManifest.xml:66:13
intent-filter#android.intent.action.VIEW+android.intent.category.DEFAULT
ADDED from AndroidManifest.xml:74:4
action#android.intent.action.VIEW
ADDED from AndroidManifest.xml:75:5
	android:name
		ADDED from AndroidManifest.xml:75:13
intent-filter#android.fbreader.action.PLUGIN+android.intent.category.DEFAULT
ADDED from AndroidManifest.xml:79:4
action#android.fbreader.action.PLUGIN
ADDED from AndroidManifest.xml:80:5
	android:name
		ADDED from AndroidManifest.xml:80:13
intent-filter#android.intent.action.VIEW+android.intent.category.BROWSABLE+android.intent.category.DEFAULT
ADDED from AndroidManifest.xml:114:4
category#android.intent.category.BROWSABLE
ADDED from AndroidManifest.xml:117:5
	android:name
		ADDED from AndroidManifest.xml:117:15
intent-filter#android.intent.action.SEARCH
ADDED from AndroidManifest.xml:126:4
action#android.intent.action.SEARCH
ADDED from AndroidManifest.xml:127:5
	android:name
		ADDED from AndroidManifest.xml:127:13
meta-data#android.app.searchable
ADDED from AndroidManifest.xml:129:4
	android:resource
		ADDED from AndroidManifest.xml:129:53
	android:name
		ADDED from AndroidManifest.xml:129:15
intent-filter#android.fbreader.action.CLOSE+android.intent.category.DEFAULT
ADDED from AndroidManifest.xml:130:4
action#android.fbreader.action.CLOSE
ADDED from AndroidManifest.xml:131:5
	android:name
		ADDED from AndroidManifest.xml:131:13
intent-filter#android.fbreader.action.PLUGIN_CRASH+android.intent.category.DEFAULT
ADDED from AndroidManifest.xml:134:4
action#android.fbreader.action.PLUGIN_CRASH
ADDED from AndroidManifest.xml:135:5
	android:name
		ADDED from AndroidManifest.xml:135:13
activity#org.geometerplus.android.fbreader.CancelActivity
ADDED from AndroidManifest.xml:139:3
	android:configChanges
		ADDED from AndroidManifest.xml:139:116
	android:theme
		ADDED from AndroidManifest.xml:139:77
	android:name
		ADDED from AndroidManifest.xml:139:13
intent-filter#android.fbreader.action.CANCEL_MENU+android.intent.category.DEFAULT
ADDED from AndroidManifest.xml:140:4
action#android.fbreader.action.CANCEL_MENU
ADDED from AndroidManifest.xml:141:5
	android:name
		ADDED from AndroidManifest.xml:141:13
activity#org.geometerplus.android.fbreader.PluginListActivity
ADDED from AndroidManifest.xml:145:3
	android:configChanges
		ADDED from AndroidManifest.xml:145:120
	android:theme
		ADDED from AndroidManifest.xml:145:81
	android:name
		ADDED from AndroidManifest.xml:145:13
activity#org.geometerplus.android.fbreader.style.StyleListActivity
ADDED from AndroidManifest.xml:146:3
	android:configChanges
		ADDED from AndroidManifest.xml:146:125
	android:theme
		ADDED from AndroidManifest.xml:146:86
	android:name
		ADDED from AndroidManifest.xml:146:13
activity#org.geometerplus.android.fbreader.style.EditStyleActivity
ADDED from AndroidManifest.xml:147:3
	android:configChanges
		ADDED from AndroidManifest.xml:147:125
	android:theme
		ADDED from AndroidManifest.xml:147:86
	android:name
		ADDED from AndroidManifest.xml:147:13
intent-filter#android.fbreader.action.EDIT_STYLES+android.intent.category.DEFAULT
ADDED from AndroidManifest.xml:148:4
action#android.fbreader.action.EDIT_STYLES
ADDED from AndroidManifest.xml:149:5
	android:name
		ADDED from AndroidManifest.xml:149:13
activity#org.geometerplus.android.fbreader.image.ImageViewActivity
ADDED from AndroidManifest.xml:153:3
	android:configChanges
		ADDED from AndroidManifest.xml:153:156
	android:theme
		ADDED from AndroidManifest.xml:153:115
	android:process
		ADDED from AndroidManifest.xml:153:86
	android:name
		ADDED from AndroidManifest.xml:153:13
service#org.geometerplus.android.fbreader.libraryService.LibraryService
ADDED from AndroidManifest.xml:154:3
	android:process
		ADDED from AndroidManifest.xml:154:123
	android:permission
		ADDED from AndroidManifest.xml:154:157
	android:name
		ADDED from AndroidManifest.xml:154:12
	android:launchMode
		ADDED from AndroidManifest.xml:154:91
intent-filter#android.fbreader.action.LIBRARY_SERVICE
ADDED from AndroidManifest.xml:155:4
action#android.fbreader.action.LIBRARY_SERVICE
ADDED from AndroidManifest.xml:156:5
	android:name
		ADDED from AndroidManifest.xml:156:13
service#org.geometerplus.android.fbreader.config.ConfigService
ADDED from AndroidManifest.xml:159:3
	android:process
		ADDED from AndroidManifest.xml:159:114
	android:permission
		ADDED from AndroidManifest.xml:159:147
	android:name
		ADDED from AndroidManifest.xml:159:12
	android:launchMode
		ADDED from AndroidManifest.xml:159:82
intent-filter#android.fbreader.action.CONFIG_SERVICE
ADDED from AndroidManifest.xml:160:4
action#android.fbreader.action.CONFIG_SERVICE
ADDED from AndroidManifest.xml:161:5
	android:name
		ADDED from AndroidManifest.xml:161:13
service#org.geometerplus.android.fbreader.sync.SyncService
ADDED from AndroidManifest.xml:164:3
	android:process
		ADDED from AndroidManifest.xml:164:110
	android:permission
		ADDED from AndroidManifest.xml:164:142
	android:name
		ADDED from AndroidManifest.xml:164:12
	android:launchMode
		ADDED from AndroidManifest.xml:164:78
intent-filter#android.fbreader.action.sync.START
ADDED from AndroidManifest.xml:165:4
action#android.fbreader.action.sync.START
ADDED from AndroidManifest.xml:166:5
	android:name
		ADDED from AndroidManifest.xml:166:13
intent-filter#android.fbreader.action.sync.QUICK_SYNC
ADDED from AndroidManifest.xml:168:4
action#android.fbreader.action.sync.QUICK_SYNC
ADDED from AndroidManifest.xml:169:5
	android:name
		ADDED from AndroidManifest.xml:169:13
activity#org.geometerplus.android.fbreader.library.BookInfoActivity
ADDED from AndroidManifest.xml:172:3
	android:configChanges
		ADDED from AndroidManifest.xml:172:155
	android:theme
		ADDED from AndroidManifest.xml:172:87
	android:process
		ADDED from AndroidManifest.xml:172:128
	android:name
		ADDED from AndroidManifest.xml:172:13
intent-filter#android.fbreader.action.BOOK_INFO+android.intent.category.DEFAULT
ADDED from AndroidManifest.xml:173:4
action#android.fbreader.action.BOOK_INFO
ADDED from AndroidManifest.xml:174:5
	android:name
		ADDED from AndroidManifest.xml:174:13
activity#org.geometerplus.android.fbreader.library.LibrarySearchActivity
ADDED from AndroidManifest.xml:178:3
	android:theme
		ADDED from AndroidManifest.xml:178:119
	android:process
		ADDED from AndroidManifest.xml:178:92
	android:name
		ADDED from AndroidManifest.xml:178:13
activity#org.geometerplus.android.fbreader.library.LibraryActivity
ADDED from AndroidManifest.xml:184:3
	android:configChanges
		ADDED from AndroidManifest.xml:184:186
	android:theme
		ADDED from AndroidManifest.xml:184:145
	android:process
		ADDED from AndroidManifest.xml:184:118
	android:name
		ADDED from AndroidManifest.xml:184:13
	android:launchMode
		ADDED from AndroidManifest.xml:184:86
meta-data#android.app.default_searchable
ADDED from AndroidManifest.xml:185:4
	android:name
		ADDED from AndroidManifest.xml:185:15
	android:value
		ADDED from AndroidManifest.xml:185:61
intent-filter#android.fbreader.action.LIBRARY+android.intent.category.DEFAULT
ADDED from AndroidManifest.xml:186:4
action#android.fbreader.action.LIBRARY
ADDED from AndroidManifest.xml:187:5
	android:name
		ADDED from AndroidManifest.xml:187:13
activity#org.geometerplus.android.fbreader.TOCActivity
ADDED from AndroidManifest.xml:191:3
	android:configChanges
		ADDED from AndroidManifest.xml:191:115
	android:theme
		ADDED from AndroidManifest.xml:191:74
	android:name
		ADDED from AndroidManifest.xml:191:13
activity#org.geometerplus.android.fbreader.BookmarksActivity
ADDED from AndroidManifest.xml:192:3
	android:configChanges
		ADDED from AndroidManifest.xml:192:182
	android:theme
		ADDED from AndroidManifest.xml:192:141
	android:process
		ADDED from AndroidManifest.xml:192:112
	android:name
		ADDED from AndroidManifest.xml:192:13
	android:launchMode
		ADDED from AndroidManifest.xml:192:80
intent-filter#android.fbreader.action.BOOKMARKS+android.intent.category.DEFAULT
ADDED from AndroidManifest.xml:197:4
action#android.fbreader.action.BOOKMARKS
ADDED from AndroidManifest.xml:198:5
	android:name
		ADDED from AndroidManifest.xml:198:13
activity#org.geometerplus.android.fbreader.BookmarkEditActivity
ADDED from AndroidManifest.xml:202:3
	android:configChanges
		ADDED from AndroidManifest.xml:202:122
	android:theme
		ADDED from AndroidManifest.xml:202:83
	android:name
		ADDED from AndroidManifest.xml:202:13
activity#org.geometerplus.android.fbreader.preferences.PreferenceActivity
ADDED from AndroidManifest.xml:203:3
	android:configChanges
		ADDED from AndroidManifest.xml:203:134
	android:theme
		ADDED from AndroidManifest.xml:203:93
	android:process
		ADDED from AndroidManifest.xml:203:196
	android:permission
		ADDED from AndroidManifest.xml:203:227
	android:name
		ADDED from AndroidManifest.xml:203:13
intent-filter#android.fbreader.action.PREFERENCES+android.intent.category.DEFAULT
ADDED from AndroidManifest.xml:209:4
action#android.fbreader.action.PREFERENCES
ADDED from AndroidManifest.xml:210:5
	android:name
		ADDED from AndroidManifest.xml:210:13
activity#org.geometerplus.android.fbreader.preferences.EditBookInfoActivity
ADDED from AndroidManifest.xml:214:3
	android:configChanges
		ADDED from AndroidManifest.xml:214:163
	android:theme
		ADDED from AndroidManifest.xml:214:122
	android:process
		ADDED from AndroidManifest.xml:214:95
	android:name
		ADDED from AndroidManifest.xml:214:13
activity#org.geometerplus.android.fbreader.sync.MissingBookActivity
ADDED from AndroidManifest.xml:215:3
	android:configChanges
		ADDED from AndroidManifest.xml:215:160
	android:theme
		ADDED from AndroidManifest.xml:215:121
	android:process
		ADDED from AndroidManifest.xml:215:87
	android:name
		ADDED from AndroidManifest.xml:215:13
activity#org.geometerplus.android.fbreader.network.BookDownloader
ADDED from AndroidManifest.xml:216:3
	android:theme
		ADDED from AndroidManifest.xml:216:119
	android:process
		ADDED from AndroidManifest.xml:216:85
	android:name
		ADDED from AndroidManifest.xml:216:13
service#org.geometerplus.android.fbreader.network.BookDownloaderService
ADDED from AndroidManifest.xml:262:3
	android:process
		ADDED from AndroidManifest.xml:262:123
	android:exported
		ADDED from AndroidManifest.xml:262:157
	android:name
		ADDED from AndroidManifest.xml:262:12
	android:launchMode
		ADDED from AndroidManifest.xml:262:91
activity#org.geometerplus.android.fbreader.network.NetworkSearchActivity
ADDED from AndroidManifest.xml:263:3
	android:theme
		ADDED from AndroidManifest.xml:263:126
	android:process
		ADDED from AndroidManifest.xml:263:92
	android:name
		ADDED from AndroidManifest.xml:263:13
activity#org.geometerplus.android.fbreader.network.auth.WebAuthorisationScreen
ADDED from AndroidManifest.xml:269:3
	android:configChanges
		ADDED from AndroidManifest.xml:269:173
	android:theme
		ADDED from AndroidManifest.xml:269:132
	android:process
		ADDED from AndroidManifest.xml:269:98
	android:exported
		ADDED from AndroidManifest.xml:269:235
	android:name
		ADDED from AndroidManifest.xml:269:13
activity#org.geometerplus.android.fbreader.network.NetworkLibraryPrimaryActivity
ADDED from AndroidManifest.xml:270:3
	android:configChanges
		ADDED from AndroidManifest.xml:270:207
	android:theme
		ADDED from AndroidManifest.xml:270:166
	android:process
		ADDED from AndroidManifest.xml:270:100
	android:name
		ADDED from AndroidManifest.xml:270:13
	android:launchMode
		ADDED from AndroidManifest.xml:270:134
intent-filter#android.fbreader.action.OPEN_NETWORK_CATALOG+android.intent.category.DEFAULT
ADDED from AndroidManifest.xml:272:4
action#android.fbreader.action.OPEN_NETWORK_CATALOG
ADDED from AndroidManifest.xml:273:5
	android:name
		ADDED from AndroidManifest.xml:273:13
intent-filter#android.fbreader.action.NETWORK_LIBRARY+android.intent.category.DEFAULT
ADDED from AndroidManifest.xml:278:4
action#android.fbreader.action.NETWORK_LIBRARY
ADDED from AndroidManifest.xml:279:5
	android:name
		ADDED from AndroidManifest.xml:279:13
activity#org.geometerplus.android.fbreader.network.NetworkLibrarySecondaryActivity
ADDED from AndroidManifest.xml:283:3
	android:configChanges
		ADDED from AndroidManifest.xml:283:177
	android:theme
		ADDED from AndroidManifest.xml:283:136
	android:process
		ADDED from AndroidManifest.xml:283:102
	android:name
		ADDED from AndroidManifest.xml:283:13
activity#org.geometerplus.android.fbreader.network.AuthenticationActivity
ADDED from AndroidManifest.xml:284:3
	android:configChanges
		ADDED from AndroidManifest.xml:284:166
	android:theme
		ADDED from AndroidManifest.xml:284:127
	android:process
		ADDED from AndroidManifest.xml:284:93
	android:name
		ADDED from AndroidManifest.xml:284:13
activity#org.geometerplus.android.fbreader.network.BuyBooksActivity
ADDED from AndroidManifest.xml:285:3
	android:configChanges
		ADDED from AndroidManifest.xml:285:160
	android:theme
		ADDED from AndroidManifest.xml:285:121
	android:process
		ADDED from AndroidManifest.xml:285:87
	android:name
		ADDED from AndroidManifest.xml:285:13
activity#org.geometerplus.android.fbreader.network.AddCatalogMenuActivity
ADDED from AndroidManifest.xml:286:3
	android:configChanges
		ADDED from AndroidManifest.xml:286:166
	android:theme
		ADDED from AndroidManifest.xml:286:127
	android:process
		ADDED from AndroidManifest.xml:286:93
	android:name
		ADDED from AndroidManifest.xml:286:13
activity#org.geometerplus.android.fbreader.network.AddCustomCatalogActivity
ADDED from AndroidManifest.xml:287:3
	android:configChanges
		ADDED from AndroidManifest.xml:287:168
	android:theme
		ADDED from AndroidManifest.xml:287:129
	android:process
		ADDED from AndroidManifest.xml:287:95
	android:name
		ADDED from AndroidManifest.xml:287:13
intent-filter#android.fbreader.action.ADD_OPDS_CATALOG+android.intent.category.DEFAULT
ADDED from AndroidManifest.xml:288:4
action#android.fbreader.action.ADD_OPDS_CATALOG
ADDED from AndroidManifest.xml:289:5
	android:name
		ADDED from AndroidManifest.xml:289:13
intent-filter#android.fbreader.action.ADD_OPDS_CATALOG_URL+android.intent.category.DEFAULT
ADDED from AndroidManifest.xml:299:4
action#android.fbreader.action.ADD_OPDS_CATALOG_URL
ADDED from AndroidManifest.xml:300:5
	android:name
		ADDED from AndroidManifest.xml:300:13
activity#org.geometerplus.android.fbreader.network.AuthorisationMenuActivity
ADDED from AndroidManifest.xml:310:3
	android:configChanges
		ADDED from AndroidManifest.xml:310:169
	android:theme
		ADDED from AndroidManifest.xml:310:130
	android:process
		ADDED from AndroidManifest.xml:310:96
	android:name
		ADDED from AndroidManifest.xml:310:13
activity#org.geometerplus.android.fbreader.network.TopupMenuActivity
ADDED from AndroidManifest.xml:311:3
	android:configChanges
		ADDED from AndroidManifest.xml:311:161
	android:theme
		ADDED from AndroidManifest.xml:311:122
	android:process
		ADDED from AndroidManifest.xml:311:88
	android:name
		ADDED from AndroidManifest.xml:311:13
activity#org.geometerplus.android.fbreader.network.NetworkBookInfoActivity
ADDED from AndroidManifest.xml:312:3
	android:configChanges
		ADDED from AndroidManifest.xml:312:169
	android:theme
		ADDED from AndroidManifest.xml:312:128
	android:process
		ADDED from AndroidManifest.xml:312:94
	android:name
		ADDED from AndroidManifest.xml:312:13
activity#org.geometerplus.android.fbreader.network.CatalogManagerActivity
ADDED from AndroidManifest.xml:319:3
	android:theme
		ADDED from AndroidManifest.xml:319:127
	android:process
		ADDED from AndroidManifest.xml:319:93
	android:name
		ADDED from AndroidManifest.xml:319:13
receiver#org.geometerplus.android.fbreader.network.ListenerCallback
ADDED from AndroidManifest.xml:320:3
	android:process
		ADDED from AndroidManifest.xml:320:87
	android:name
		ADDED from AndroidManifest.xml:320:13
intent-filter#android.fbreader.action.network.SIGNIN+android.intent.category.DEFAULT
ADDED from AndroidManifest.xml:321:4
action#android.fbreader.action.network.SIGNIN
ADDED from AndroidManifest.xml:322:5
	android:name
		ADDED from AndroidManifest.xml:322:13
activity#org.geometerplus.android.fbreader.tips.TipsActivity
ADDED from AndroidManifest.xml:326:3
	android:configChanges
		ADDED from AndroidManifest.xml:326:119
	android:theme
		ADDED from AndroidManifest.xml:326:80
	android:name
		ADDED from AndroidManifest.xml:326:13
activity#com.paragon.dictionary.fbreader.OpenDictionaryActivity
ADDED from AndroidManifest.xml:327:3
	android:configChanges
		ADDED from AndroidManifest.xml:327:127
	android:theme
		ADDED from AndroidManifest.xml:327:83
	android:name
		ADDED from AndroidManifest.xml:327:13
service#org.geometerplus.android.fbreader.httpd.DataService
ADDED from AndroidManifest.xml:328:3
	android:process
		ADDED from AndroidManifest.xml:328:111
	android:exported
		ADDED from AndroidManifest.xml:328:142
	android:name
		ADDED from AndroidManifest.xml:328:12
	android:launchMode
		ADDED from AndroidManifest.xml:328:79
service#group.pals.android.lib.ui.filechooser.services.LocalFileProvider
ADDED from AndroidManifest.xml:329:3
	android:exported
		ADDED from AndroidManifest.xml:329:92
	android:name
		ADDED from AndroidManifest.xml:329:12
activity#group.pals.android.lib.ui.filechooser.FileChooserActivity
ADDED from AndroidManifest.xml:330:3
	android:configChanges
		ADDED from AndroidManifest.xml:330:86
	android:theme
		ADDED from AndroidManifest.xml:330:157
	android:exported
		ADDED from AndroidManifest.xml:330:196
	android:name
		ADDED from AndroidManifest.xml:330:13
activity#org.geometerplus.android.fbreader.preferences.background.Chooser
ADDED from AndroidManifest.xml:331:3
	android:configChanges
		ADDED from AndroidManifest.xml:331:93
	android:theme
		ADDED from AndroidManifest.xml:331:164
	android:exported
		ADDED from AndroidManifest.xml:331:203
	android:name
		ADDED from AndroidManifest.xml:331:13
activity#org.geometerplus.android.fbreader.preferences.background.PredefinedImages
ADDED from AndroidManifest.xml:332:3
	android:configChanges
		ADDED from AndroidManifest.xml:332:102
	android:theme
		ADDED from AndroidManifest.xml:332:173
	android:exported
		ADDED from AndroidManifest.xml:332:212
	android:name
		ADDED from AndroidManifest.xml:332:13
activity#org.geometerplus.android.util.FolderListDialogActivity
ADDED from AndroidManifest.xml:333:3
	android:configChanges
		ADDED from AndroidManifest.xml:333:83
	android:theme
		ADDED from AndroidManifest.xml:333:154
	android:exported
		ADDED from AndroidManifest.xml:333:193
	android:name
		ADDED from AndroidManifest.xml:333:13
activity#org.geometerplus.android.util.EditTagsDialogActivity
ADDED from AndroidManifest.xml:334:3
	android:configChanges
		ADDED from AndroidManifest.xml:334:81
	android:theme
		ADDED from AndroidManifest.xml:334:152
	android:exported
		ADDED from AndroidManifest.xml:334:191
	android:name
		ADDED from AndroidManifest.xml:334:13
activity#org.geometerplus.android.util.EditAuthorsDialogActivity
ADDED from AndroidManifest.xml:335:3
	android:configChanges
		ADDED from AndroidManifest.xml:335:84
	android:theme
		ADDED from AndroidManifest.xml:335:155
	android:exported
		ADDED from AndroidManifest.xml:335:194
	android:name
		ADDED from AndroidManifest.xml:335:13
android:uses-permission#android.permission.READ_PHONE_STATE
IMPLIED from AndroidManifest.xml:2:1 reason: yuku.ambilwarna has a targetSdkVersion < 4